0 info it worked if it ends with ok
1 verbose cli [ 'c:\\Program Files\\nodejs\\node.exe',
1 verbose cli   'c:\\Program Files\\nodejs\\node_modules\\npm\\bin\\npm-cli.js',
1 verbose cli   'publish' ]
2 info using npm@3.3.12
3 info using node@v5.3.0
4 verbose publish [ '.' ]
5 silly cache add args [ '.', null ]
6 verbose cache add spec .
7 silly cache add parsed spec Result {
7 silly cache add   raw: '.',
7 silly cache add   scope: null,
7 silly cache add   name: null,
7 silly cache add   rawSpec: '.',
7 silly cache add   spec: 'd:\\code\\personal\\react-router-breadcrumbs',
7 silly cache add   type: 'directory' }
8 verbose addLocalDirectory C:\Users\chris\AppData\Roaming\npm-cache\react-router-breadcrumb-generator\1.0.1\package.tgz not in flight; packing
9 info lifecycle react-router-breadcrumb-generator@1.0.1~prepublish: react-router-breadcrumb-generator@1.0.1
10 verbose lifecycle react-router-breadcrumb-generator@1.0.1~prepublish: unsafe-perm in lifecycle true
11 verbose lifecycle react-router-breadcrumb-generator@1.0.1~prepublish: PATH: c:\Program Files\nodejs\node_modules\npm\bin\node-gyp-bin;d:\code\personal\react-router-breadcrumbs\node_modules\.bin;c:\Users\chris\bin;.;C:\Program Files (x86)\Git\local\bin;C:\Program Files (x86)\Git\mingw\bin;C:\Program Files (x86)\Git\bin;c:\Users\chris\OneDrive\Portable\conemu\ConEmu\Scripts;c:\Users\chris\OneDrive\Portable\conemu;c:\Users\chris\OneDrive\Portable\conemu\ConEmu;c:\Program Files (x86)\Graphviz2.38\bin;c:\Python27;c:\ProgramData\Oracle\Java\javapath;c:\Program Files (x86)\Intel\iCLS Client\;c:\Program Files\Intel\iCLS Client\;c:\Windows\system32;c:\Windows;c:\Windows\System32\Wbem;c:\Windows\System32\WindowsPowerShell\v1.0\;c:\Program Files\Intel\Intel(R) Management Engine Components\DAL;c:\Program Files (x86)\Intel\Intel(R) Management Engine Components\DAL;c:\Program Files\Intel\Intel(R) Management Engine Components\IPT;c:\Program Files (x86)\Intel\Intel(R) Management Engine Components\IPT;c:\Program Files\Microsoft DNX\Dnvm\;C:\Program Files (x86)\Git\cmd;c:\ProgramData\chocolatey\bin;c:\Program Files\Microsoft\Web Platform Installer\;c:\Program Files\Microsoft SQL Server\120\Tools\Binn\;c:\Program Files\Microsoft SQL Server\Client SDK\ODBC\110\Tools\Binn\;c:\Program Files (x86)\Microsoft SQL Server\120\Tools\Binn\;c:\Program Files\Microsoft SQL Server\120\DTS\Binn\;c:\Program Files\nodejs\;c:\WINDOWS\system32;c:\WINDOWS;c:\WINDOWS\System32\Wbem;c:\WINDOWS\System32\WindowsPowerShell\v1.0\;c:\Program Files (x86)\Windows Kits\10\Windows Performance Toolkit\;c:\Program Files (x86)\Microsoft Emulator Manager\1.0\;c:\Ruby22-x64\bin;c:\Users\chris\.dnx\bin;c:\Users\chris\AppData\Roaming\npm;c:\Users\chris\.lein\bin;c:\Program Files (x86)\Graphviz2.38\bin
12 verbose lifecycle react-router-breadcrumb-generator@1.0.1~prepublish: CWD: d:\code\personal\react-router-breadcrumbs
13 silly lifecycle react-router-breadcrumb-generator@1.0.1~prepublish: Args: [ '/d /s /c', 'npm version patch && npm run build' ]
14 silly lifecycle react-router-breadcrumb-generator@1.0.1~prepublish: Returned: code: 1  signal: null
15 info lifecycle react-router-breadcrumb-generator@1.0.1~prepublish: Failed to exec prepublish script
16 error addLocal Could not install d:\code\personal\react-router-breadcrumbs
17 verbose stack Error: react-router-breadcrumb-generator@1.0.1 prepublish: `npm version patch && npm run build`
17 verbose stack Exit status 1
17 verbose stack     at EventEmitter.<anonymous> (c:\Program Files\nodejs\node_modules\npm\lib\utils\lifecycle.js:232:16)
17 verbose stack     at emitTwo (events.js:87:13)
17 verbose stack     at EventEmitter.emit (events.js:172:7)
17 verbose stack     at ChildProcess.<anonymous> (c:\Program Files\nodejs\node_modules\npm\lib\utils\spawn.js:24:14)
17 verbose stack     at emitTwo (events.js:87:13)
17 verbose stack     at ChildProcess.emit (events.js:172:7)
17 verbose stack     at maybeClose (internal/child_process.js:818:16)
17 verbose stack     at Process.ChildProcess._handle.onexit (internal/child_process.js:211:5)
18 verbose pkgid react-router-breadcrumb-generator@1.0.1
19 verbose cwd d:\code\personal\react-router-breadcrumbs
20 error Windows_NT 10.0.10586
21 error argv "c:\\Program Files\\nodejs\\node.exe" "c:\\Program Files\\nodejs\\node_modules\\npm\\bin\\npm-cli.js" "publish"
22 error node v5.3.0
23 error npm  v3.3.12
24 error code ELIFECYCLE
25 error react-router-breadcrumb-generator@1.0.1 prepublish: `npm version patch && npm run build`
25 error Exit status 1
26 error Failed at the react-router-breadcrumb-generator@1.0.1 prepublish script 'npm version patch && npm run build'.
26 error Make sure you have the latest version of node.js and npm installed.
26 error If you do, this is most likely a problem with the react-router-breadcrumb-generator package,
26 error not with npm itself.
26 error Tell the author that this fails on your system:
26 error     npm version patch && npm run build
26 error You can get their info via:
26 error     npm owner ls react-router-breadcrumb-generator
26 error There is likely additional logging output above.
27 verbose exit [ 1, true ]
